<?xml version="1.0" encoding="UTF-8"?>
<!-- Generated by org.testng.reporters.JUnitReportReporter -->
<testsuite skipped="0" hostname="DESKTOP-FNHP0R0" name="com.qa.Test.LoginPageTest" tests="1" failures="0" timestamp="04 Jan 2019 17:02:41 GMT" time="10.157" errors="0">
  <testcase name="PreLogin" time="10.157" classname="com.qa.Test.LoginPageTest"/>
</testsuite> <!-- com.qa.Test.LoginPageTest -->
