<?xml version="1.0" encoding="UTF-8"?>
<!-- Generated by org.testng.reporters.JUnitReportReporter -->
<testsuite skipped="0" hostname="DESKTOP-FNHP0R0" name="com.qa.Test.HomePageTest" tests="1" failures="0" timestamp="16 Dec 2018 18:25:12 GMT" time="18.502" errors="0">
  <testcase name="SearchSomething" time="18.502" classname="com.qa.Test.HomePageTest"/>
</testsuite> <!-- com.qa.Test.HomePageTest -->
