<?xml version="1.0" encoding="UTF-8"?>
<!-- Generated by org.testng.reporters.JUnitReportReporter -->
<testsuite skipped="0" hostname="DESKTOP-FNHP0R0" name="com.qa.Test.LoginPageTest" tests="1" failures="0" timestamp="30 Dec 2018 18:45:00 GMT" time="10.472" errors="0">
  <testcase name="PreLogin" time="10.472" classname="com.qa.Test.LoginPageTest"/>
</testsuite> <!-- com.qa.Test.LoginPageTest -->
