<?xml version="1.0" encoding="UTF-8"?>
<!-- Generated by org.testng.reporters.JUnitReportReporter -->
<testsuite skipped="0" hostname="DESKTOP-FNHP0R0" name="com.qa.Test.NewLoginPageTest" tests="1" failures="0" timestamp="30 Dec 2018 18:45:00 GMT" time="15.498" errors="0">
  <testcase name="LoginNow" time="15.498" classname="com.qa.Test.NewLoginPageTest"/>
</testsuite> <!-- com.qa.Test.NewLoginPageTest -->
